X1-YH15-AA4Z	FUEL	$222	$218	100
X1-YH15-B6	ICE_WATER	$17	$13	100
X1-YH15-B6	AMMONIA_ICE	$42	$38	100
X1-YH15-B6	QUARTZ_SAND	$22	$18	100
X1-YH15-B6	SILICON_CRYSTALS	$37	$33	100
X1-YH15-B6	IRON_ORE	$52	$48	100
X1-YH15-B6	COPPER_ORE	$57	$53	100
X1-YH15-B6	ALUMINUM_ORE	$62	$58	100
X1-YH15-B6	URANITE_ORE	$351	$338	100
X1-YH15-B6	MERITIUM_ORE	$1212	$1183	100
X1-YH15-B6	PRECIOUS_STONES	$72	$68	100
X1-YH15-B6	DIAMONDS	$87	$83	100
X1-YH15-B6	GOLD	$281	$139	10
X1-YH15-B6	GOLD_ORE	$182	$89	100
X1-YH15-B6	SILVER	$239	$115	10
X1-YH15-B6	SILVER_ORE	$136	$68	100
X1-YH15-B6	PLATINUM	$256	$126	10
X1-YH15-B6	PLATINUM_ORE	$158	$77	100
X1-YH15-B6	FUEL	$222	$218	100
X1-YH15-A1	PLATINUM	$690	$341	1000
X1-YH15-A1	ADVANCED_CIRCUITRY	$48908	$24281	1000
X1-YH15-A1	FUEL	$230	$220	100
X1-YH15-A1	MEDICINE	$30892	$14971	100
X1-YH15-A1	QUANTUM_DRIVES	$623678	$311801	10
X1-YH15-A1	EQUIPMENT	$6238	$3029	100
X1-YH15-A1	LASER_RIFLES	$378571	$187542	100
X1-YH15-A1	DIAMONDS	$184	$91	1000
X1-YH15-A1	CLOTHING	$34568	$17026	100
X1-YH15-A1	JEWELRY	$6120	$3023	100
X1-YH15-A1	FOOD	$4008	$1989	100
X1-YH15-B5	FUEL	$222	$217	100
X1-YH15-I53	ANTIMATTER	$141382	$137542	10
X1-YH15-I53	FUEL	$222	$217	100
X1-YH15-H49	IRON_ORE	$124	$62	100
X1-YH15-H49	ALUMINUM	$109	$55	10
X1-YH15-H49	COPPER	$156	$78	10
X1-YH15-H49	ALUMINUM_ORE	$130	$65	100
X1-YH15-H49	COPPER_ORE	$136	$68	100
X1-YH15-H49	IRON	$128	$64	10
X1-YH15-H49	FUEL	$222	$218	100
X1-YH15-I54	FUEL	$204	$100	100
X1-YH15-I54	HYDROCARBON	$96	$48	1000
X1-YH15-K78	FOOD	$1440	$720	10
X1-YH15-K78	FERTILIZERS	$318	$159	100
X1-YH15-K78	EQUIPMENT	$2114	$1017	10
X1-YH15-K78	ALUMINUM	$460	$229	100
X1-YH15-K78	PLASTICS	$274	$137	100
X1-YH15-K78	CLOTHING	$16897	$8139	10
X1-YH15-K78	FABRICS	$4738	$2339	100
X1-YH15-K78	FUEL	$222	$218	100
X1-YH15-C40	FUEL	$222	$216	100
X1-YH15-D41	SHIP_PARTS	$27866	$13289	100
X1-YH15-D41	IRON	$392	$195	100
X1-YH15-D41	MEDICINE	$14260	$6843	10
X1-YH15-D41	POLYNUCLEOTIDES	$436	$218	100
X1-YH15-D41	ADVANCED_CIRCUITRY	$22506	$10943	100
X1-YH15-D41	ELECTRONICS	$5366	$2642	100
X1-YH15-D41	MICROPROCESSORS	$7192	$3560	100
X1-YH15-D41	FABRICS	$4616	$2287	100
X1-YH15-D41	EQUIPMENT	$5666	$2826	100
X1-YH15-D41	FUEL	$248	$231	100
X1-YH15-F46	AMMUNITION	$1282	$633	10
X1-YH15-F46	IRON	$370	$182	100
X1-YH15-F46	LIQUID_NITROGEN	$66	$32	100
X1-YH15-F46	DRUGS	$9094	$4369	10
X1-YH15-F46	AMMONIA_ICE	$86	$43	100
X1-YH15-F46	POLYNUCLEOTIDES	$428	$213	100
X1-YH15-F46	FUEL	$222	$218	100
X1-YH15-G48	FUEL	$197	$96	10
X1-YH15-G48	HYDROCARBON	$100	$49	100
X1-YH15-G48	PLASTICS	$93	$45	10
X1-YH15-G48	LIQUID_HYDROGEN	$54	$27	100
X1-YH15-G48	FERTILIZERS	$119	$58	10
X1-YH15-G48	LIQUID_NITROGEN	$62	$31	100
X1-YH15-E43	ASSAULT_RIFLES	$2459	$1223	10
X1-YH15-E43	ALUMINUM	$438	$218	100
X1-YH15-E43	FIREARMS	$2295	$1142	10
X1-YH15-E43	IRON	$362	$180	100
X1-YH15-E43	EXPLOSIVES	$196	$98	10
X1-YH15-E43	LIQUID_HYDROGEN	$54	$27	100
X1-YH15-E43	LIQUID_NITROGEN	$68	$34	100
X1-YH15-E43	FUEL	$222	$218	100
X1-YH15-E44	MACHINERY	$2261	$1121	100
X1-YH15-E44	IRON	$378	$189	100
X1-YH15-E44	LIQUID_HYDROGEN	$64	$32	100
X1-YH15-E44	LIQUID_NITROGEN	$66	$33	100
X1-YH15-E44	FABRICS	$1750	$861	100
X1-YH15-E44	FERTILIZERS	$316	$158	100
X1-YH15-E44	FUEL	$222	$218	100
X1-YH15-E44	ALUMINUM	$458	$227	100
X1-YH15-E44	POLYNUCLEOTIDES	$142	$71	10
X1-YH15-H51	ICE_WATER	$17	$13	100
X1-YH15-H51	AMMONIA_ICE	$42	$38	100
X1-YH15-H51	QUARTZ_SAND	$21	$16	100
X1-YH15-H51	SILICON_CRYSTALS	$34	$28	100
X1-YH15-H51	FUEL	$222	$218	100
X1-YH15-D42	SHIP_PLATING	$27857	$13022	100
X1-YH15-D42	IRON	$394	$197	100
X1-YH15-D42	MACHINERY	$5836	$2872	100
X1-YH15-D42	LAB_INSTRUMENTS	$17051	$8521	10
X1-YH15-D42	PLASTICS	$308	$153	100
X1-YH15-D42	SILICON_CRYSTALS	$80	$40	100
X1-YH15-D42	BIOCOMPOSITES	$18758	$9374	10
X1-YH15-D42	FABRICS	$4730	$2334	100
X1-YH15-D42	ELECTRONICS	$4770	$2377	100
X1-YH15-D42	POLYNUCLEOTIDES	$472	$235	100
X1-YH15-D42	FUEL	$226	$218	100
X1-YH15-C39	HYDROCARBON	$47	$43	100
X1-YH15-C39	LIQUID_HYDROGEN	$27	$23	100
X1-YH15-C39	LIQUID_NITROGEN	$32	$28	100
X1-YH15-C39	SHIP_PLATING	$57200	$27999	100
X1-YH15-C39	SHIP_PARTS	$62324	$29627	100
X1-YH15-C39	ELECTRONICS	$5718	$2859	10
X1-YH15-C39	FUEL	$224	$218	100
X1-YH15-A2	SHIP_PARTS	$62596	$29795	100
X1-YH15-A2	SHIP_PLATING	$59652	$28607	100
X1-YH15-A2	ELECTRONICS	$5090	$2523	100
X1-YH15-A2	FUEL	$222	$218	100
X1-YH15-A3	COPPER	$664	$331	100
X1-YH15-A3	FUEL	$222	$218	100
X1-YH15-A3	MICROPROCESSORS	$2463	$1198	100
X1-YH15-A3	SHIP_PLATING	$55818	$27449	100
X1-YH15-A3	SILICON_CRYSTALS	$90	$45	100
X1-YH15-A3	SHIP_PARTS	$60650	$29891	1000
X1-YH15-A3	ELECTRONICS	$5060	$2530	10
X1-YH15-H52	GOLD	$788	$392	100
X1-YH15-H52	SILVER	$716	$356	100
X1-YH15-H52	DIAMONDS	$218	$109	100
X1-YH15-H52	PRECIOUS_STONES	$160	$80	100
X1-YH15-H52	JEWELRY	$1951	$964	10
X1-YH15-H52	FUEL	$222	$217	100
X1-YH15-F47	IRON	$410	$204	100
X1-YH15-F47	PLASTICS	$308	$153	100
X1-YH15-F47	SILICON_CRYSTALS	$76	$38	100
X1-YH15-F47	COPPER	$664	$331	100
X1-YH15-F47	FUEL	$222	$218	100
X1-YH15-F47	ELECTRONICS	$2039	$1014	100
X1-YH15-F47	QUARTZ_SAND	$44	$22	100
X1-YH15-F47	FAB_MATS	$1286	$643	10
X1-YH15-H50	SHIP_PLATING	$59602	$28877	100
X1-YH15-H50	SHIP_PARTS	$60560	$29836	100
X1-YH15-H50	ELECTRONICS	$5734	$2818	100
X1-YH15-H50	FUEL	$222	$218	100
exports
┌─────────┬───────────────┬──────────────────────┬─────────────┬──────────┬────────────┬───────────┬───────────────┬───────────┐
│ (index) │    market     │        symbol        │ tradeVolume │   type   │   supply   │ activity  │ purchasePrice │ sellPrice │
├─────────┼───────────────┼──────────────────────┼─────────────┼──────────┼────────────┼───────────┼───────────────┼───────────┤
│    0    │ 'X1-YH15-B6'  │        'GOLD'        │     10      │ 'EXPORT' │   'HIGH'   │  'WEAK'   │      281      │    139    │
│    1    │ 'X1-YH15-B6'  │       'SILVER'       │     10      │ 'EXPORT' │ 'MODERATE' │  'WEAK'   │      239      │    115    │
│    2    │ 'X1-YH15-B6'  │      'PLATINUM'      │     10      │ 'EXPORT' │   'HIGH'   │  'WEAK'   │      256      │    126    │
│    3    │ 'X1-YH15-A1'  │    'LASER_RIFLES'    │     100     │ 'EXPORT' │ 'ABUNDANT' │  'WEAK'   │    378571     │  187542   │
│    4    │ 'X1-YH15-H49' │      'ALUMINUM'      │     10      │ 'EXPORT' │ 'ABUNDANT' │  'WEAK'   │      109      │    55     │
│    5    │ 'X1-YH15-H49' │       'COPPER'       │     10      │ 'EXPORT' │ 'ABUNDANT' │ 'GROWING' │      156      │    78     │
│    6    │ 'X1-YH15-H49' │        'IRON'        │     10      │ 'EXPORT' │ 'ABUNDANT' │  'WEAK'   │      128      │    64     │
│    7    │ 'X1-YH15-I54' │        'FUEL'        │     100     │ 'EXPORT' │ 'MODERATE' │  'WEAK'   │      204      │    100    │
│    8    │ 'X1-YH15-K78' │        'FOOD'        │     10      │ 'EXPORT' │ 'ABUNDANT' │ 'GROWING' │     1440      │    720    │
│    9    │ 'X1-YH15-K78' │     'EQUIPMENT'      │     10      │ 'EXPORT' │   'HIGH'   │ 'GROWING' │     2114      │   1017    │
│   10    │ 'X1-YH15-K78' │      'CLOTHING'      │     10      │ 'EXPORT' │ 'LIMITED'  │ 'STRONG'  │     16897     │   8139    │
│   11    │ 'X1-YH15-D41' │     'SHIP_PARTS'     │     100     │ 'EXPORT' │ 'MODERATE' │ 'STRONG'  │     27866     │   13289   │
│   12    │ 'X1-YH15-D41' │      'MEDICINE'      │     10      │ 'EXPORT' │ 'MODERATE' │ 'STRONG'  │     14260     │   6843    │
│   13    │ 'X1-YH15-D41' │ 'ADVANCED_CIRCUITRY' │     100     │ 'EXPORT' │ 'MODERATE' │ 'STRONG'  │     22506     │   10943   │
│   14    │ 'X1-YH15-F46' │     'AMMUNITION'     │     10      │ 'EXPORT' │   'HIGH'   │  'WEAK'   │     1282      │    633    │
│   15    │ 'X1-YH15-F46' │       'DRUGS'        │     10      │ 'EXPORT' │   'HIGH'   │  'WEAK'   │     9094      │   4369    │
│   16    │ 'X1-YH15-G48' │        'FUEL'        │     10      │ 'EXPORT' │ 'MODERATE' │  'WEAK'   │      197      │    96     │
│   17    │ 'X1-YH15-G48' │      'PLASTICS'      │     10      │ 'EXPORT' │   'HIGH'   │  'WEAK'   │      93       │    45     │
│   18    │ 'X1-YH15-G48' │    'FERTILIZERS'     │     10      │ 'EXPORT' │   'HIGH'   │  'WEAK'   │      119      │    58     │
│   19    │ 'X1-YH15-E43' │   'ASSAULT_RIFLES'   │     10      │ 'EXPORT' │ 'ABUNDANT' │  'WEAK'   │     2459      │   1223    │
│   20    │ 'X1-YH15-E43' │      'FIREARMS'      │     10      │ 'EXPORT' │ 'ABUNDANT' │  'WEAK'   │     2295      │   1142    │
│   21    │ 'X1-YH15-E43' │     'EXPLOSIVES'     │     10      │ 'EXPORT' │ 'ABUNDANT' │  'WEAK'   │      196      │    98     │
│   22    │ 'X1-YH15-E44' │     'MACHINERY'      │     100     │ 'EXPORT' │   'HIGH'   │  'WEAK'   │     2261      │   1121    │
│   23    │ 'X1-YH15-E44' │      'FABRICS'       │     100     │ 'EXPORT' │   'HIGH'   │  'WEAK'   │     1750      │    861    │
│   24    │ 'X1-YH15-E44' │  'POLYNUCLEOTIDES'   │     10      │ 'EXPORT' │ 'ABUNDANT' │  'WEAK'   │      142      │    71     │
│   25    │ 'X1-YH15-D42' │    'SHIP_PLATING'    │     100     │ 'EXPORT' │ 'LIMITED'  │ 'STRONG'  │     27857     │   13022   │
│   26    │ 'X1-YH15-D42' │  'LAB_INSTRUMENTS'   │     10      │ 'EXPORT' │ 'ABUNDANT' │  'WEAK'   │     17051     │   8521    │
│   27    │ 'X1-YH15-D42' │   'BIOCOMPOSITES'    │     10      │ 'EXPORT' │ 'ABUNDANT' │  'WEAK'   │     18758     │   9374    │
│   28    │ 'X1-YH15-A3'  │  'MICROPROCESSORS'   │     100     │ 'EXPORT' │   'HIGH'   │  'WEAK'   │     2463      │   1198    │
│   29    │ 'X1-YH15-H52' │      'JEWELRY'       │     10      │ 'EXPORT' │ 'ABUNDANT' │ 'GROWING' │     1951      │    964    │
│   30    │ 'X1-YH15-F47' │    'ELECTRONICS'     │     100     │ 'EXPORT' │ 'ABUNDANT' │  'WEAK'   │     2039      │   1014    │
│   31    │ 'X1-YH15-F47' │      'FAB_MATS'      │     10      │ 'EXPORT' │ 'ABUNDANT' │  'WEAK'   │     1286      │    643    │
└─────────┴───────────────┴──────────────────────┴─────────────┴──────────┴────────────┴───────────┴───────────────┴───────────┘
imports
┌─────────┬───────────────┬──────────────────────┬─────────────┬──────────┬────────────┬───────────┬───────────────┬───────────┐
│ (index) │    market     │        symbol        │ tradeVolume │   type   │   supply   │ activity  │ purchasePrice │ sellPrice │
├─────────┼───────────────┼──────────────────────┼─────────────┼──────────┼────────────┼───────────┼───────────────┼───────────┤
│    0    │ 'X1-YH15-B6'  │      'GOLD_ORE'      │     100     │ 'IMPORT' │ 'MODERATE' │  'WEAK'   │      182      │    89     │
│    1    │ 'X1-YH15-B6'  │     'SILVER_ORE'     │     100     │ 'IMPORT' │ 'MODERATE' │  'WEAK'   │      136      │    68     │
│    2    │ 'X1-YH15-B6'  │    'PLATINUM_ORE'    │     100     │ 'IMPORT' │ 'MODERATE' │ 'GROWING' │      158      │    77     │
│    3    │ 'X1-YH15-A1'  │      'PLATINUM'      │    1000     │ 'IMPORT' │  'SCARCE'  │  'WEAK'   │      690      │    341    │
│    4    │ 'X1-YH15-A1'  │ 'ADVANCED_CIRCUITRY' │    1000     │ 'IMPORT' │ 'MODERATE' │  'WEAK'   │     48908     │   24281   │
│    5    │ 'X1-YH15-A1'  │      'MEDICINE'      │     100     │ 'IMPORT' │ 'MODERATE' │  'WEAK'   │     30892     │   14971   │
│    6    │ 'X1-YH15-A1'  │   'QUANTUM_DRIVES'   │     10      │ 'IMPORT' │  'SCARCE'  │  'WEAK'   │    623678     │  311801   │
│    7    │ 'X1-YH15-A1'  │     'EQUIPMENT'      │     100     │ 'IMPORT' │ 'MODERATE' │  'WEAK'   │     6238      │   3029    │
│    8    │ 'X1-YH15-A1'  │      'DIAMONDS'      │    1000     │ 'IMPORT' │  'SCARCE'  │  'WEAK'   │      184      │    91     │
│    9    │ 'X1-YH15-A1'  │      'CLOTHING'      │     100     │ 'IMPORT' │ 'MODERATE' │  'WEAK'   │     34568     │   17026   │
│   10    │ 'X1-YH15-A1'  │      'JEWELRY'       │     100     │ 'IMPORT' │ 'LIMITED'  │  'WEAK'   │     6120      │   3023    │
│   11    │ 'X1-YH15-A1'  │        'FOOD'        │     100     │ 'IMPORT' │  'SCARCE'  │  'WEAK'   │     4008      │   1989    │
│   12    │ 'X1-YH15-H49' │      'IRON_ORE'      │     100     │ 'IMPORT' │  'SCARCE'  │  'WEAK'   │      124      │    62     │
│   13    │ 'X1-YH15-H49' │    'ALUMINUM_ORE'    │     100     │ 'IMPORT' │  'SCARCE'  │  'WEAK'   │      130      │    65     │
│   14    │ 'X1-YH15-H49' │     'COPPER_ORE'     │     100     │ 'IMPORT' │  'SCARCE'  │  'WEAK'   │      136      │    68     │
│   15    │ 'X1-YH15-I54' │    'HYDROCARBON'     │    1000     │ 'IMPORT' │ 'LIMITED'  │  'WEAK'   │      96       │    48     │
│   16    │ 'X1-YH15-K78' │    'FERTILIZERS'     │     100     │ 'IMPORT' │  'SCARCE'  │  'WEAK'   │      318      │    159    │
│   17    │ 'X1-YH15-K78' │      'ALUMINUM'      │     100     │ 'IMPORT' │  'SCARCE'  │  'WEAK'   │      460      │    229    │
│   18    │ 'X1-YH15-K78' │      'PLASTICS'      │     100     │ 'IMPORT' │  'SCARCE'  │  'WEAK'   │      274      │    137    │
│   19    │ 'X1-YH15-K78' │      'FABRICS'       │     100     │ 'IMPORT' │  'SCARCE'  │  'WEAK'   │     4738      │   2339    │
│   20    │ 'X1-YH15-D41' │        'IRON'        │     100     │ 'IMPORT' │  'SCARCE'  │  'WEAK'   │      392      │    195    │
│   21    │ 'X1-YH15-D41' │  'POLYNUCLEOTIDES'   │     100     │ 'IMPORT' │  'SCARCE'  │  'WEAK'   │      436      │    218    │
│   22    │ 'X1-YH15-D41' │    'ELECTRONICS'     │     100     │ 'IMPORT' │  'SCARCE'  │  'WEAK'   │     5366      │   2642    │
│   23    │ 'X1-YH15-D41' │  'MICROPROCESSORS'   │     100     │ 'IMPORT' │  'SCARCE'  │  'WEAK'   │     7192      │   3560    │
│   24    │ 'X1-YH15-D41' │      'FABRICS'       │     100     │ 'IMPORT' │  'SCARCE'  │  'WEAK'   │     4616      │   2287    │
│   25    │ 'X1-YH15-D41' │     'EQUIPMENT'      │     100     │ 'IMPORT' │  'SCARCE'  │  'WEAK'   │     5666      │   2826    │
│   26    │ 'X1-YH15-F46' │        'IRON'        │     100     │ 'IMPORT' │ 'LIMITED'  │  'WEAK'   │      370      │    182    │
│   27    │ 'X1-YH15-F46' │  'LIQUID_NITROGEN'   │     100     │ 'IMPORT' │ 'LIMITED'  │  'WEAK'   │      66       │    32     │
│   28    │ 'X1-YH15-F46' │    'AMMONIA_ICE'     │     100     │ 'IMPORT' │ 'LIMITED'  │  'WEAK'   │      86       │    43     │
│   29    │ 'X1-YH15-F46' │  'POLYNUCLEOTIDES'   │     100     │ 'IMPORT' │ 'LIMITED'  │  'WEAK'   │      428      │    213    │
│   30    │ 'X1-YH15-G48' │    'HYDROCARBON'     │     100     │ 'IMPORT' │ 'MODERATE' │  'WEAK'   │      100      │    49     │
│   31    │ 'X1-YH15-G48' │  'LIQUID_HYDROGEN'   │     100     │ 'IMPORT' │ 'LIMITED'  │  'WEAK'   │      54       │    27     │
│   32    │ 'X1-YH15-G48' │  'LIQUID_NITROGEN'   │     100     │ 'IMPORT' │ 'MODERATE' │  'WEAK'   │      62       │    31     │
│   33    │ 'X1-YH15-E43' │      'ALUMINUM'      │     100     │ 'IMPORT' │  'SCARCE'  │  'WEAK'   │      438      │    218    │
│   34    │ 'X1-YH15-E43' │        'IRON'        │     100     │ 'IMPORT' │  'SCARCE'  │  'WEAK'   │      362      │    180    │
│   35    │ 'X1-YH15-E43' │  'LIQUID_HYDROGEN'   │     100     │ 'IMPORT' │  'SCARCE'  │  'WEAK'   │      54       │    27     │
│   36    │ 'X1-YH15-E43' │  'LIQUID_NITROGEN'   │     100     │ 'IMPORT' │  'SCARCE'  │  'WEAK'   │      68       │    34     │
│   37    │ 'X1-YH15-E44' │        'IRON'        │     100     │ 'IMPORT' │  'SCARCE'  │  'WEAK'   │      378      │    189    │
│   38    │ 'X1-YH15-E44' │  'LIQUID_HYDROGEN'   │     100     │ 'IMPORT' │  'SCARCE'  │  'WEAK'   │      64       │    32     │
│   39    │ 'X1-YH15-E44' │  'LIQUID_NITROGEN'   │     100     │ 'IMPORT' │  'SCARCE'  │  'WEAK'   │      66       │    33     │
│   40    │ 'X1-YH15-E44' │    'FERTILIZERS'     │     100     │ 'IMPORT' │  'SCARCE'  │  'WEAK'   │      316      │    158    │
│   41    │ 'X1-YH15-E44' │      'ALUMINUM'      │     100     │ 'IMPORT' │  'SCARCE'  │  'WEAK'   │      458      │    227    │
│   42    │ 'X1-YH15-D42' │        'IRON'        │     100     │ 'IMPORT' │  'SCARCE'  │  'WEAK'   │      394      │    197    │
│   43    │ 'X1-YH15-D42' │     'MACHINERY'      │     100     │ 'IMPORT' │  'SCARCE'  │  'WEAK'   │     5836      │   2872    │
│   44    │ 'X1-YH15-D42' │      'PLASTICS'      │     100     │ 'IMPORT' │  'SCARCE'  │  'WEAK'   │      308      │    153    │
│   45    │ 'X1-YH15-D42' │  'SILICON_CRYSTALS'  │     100     │ 'IMPORT' │  'SCARCE'  │  'WEAK'   │      80       │    40     │
│   46    │ 'X1-YH15-D42' │      'FABRICS'       │     100     │ 'IMPORT' │  'SCARCE'  │  'WEAK'   │     4730      │   2334    │
│   47    │ 'X1-YH15-D42' │    'ELECTRONICS'     │     100     │ 'IMPORT' │  'SCARCE'  │  'WEAK'   │     4770      │   2377    │
│   48    │ 'X1-YH15-D42' │  'POLYNUCLEOTIDES'   │     100     │ 'IMPORT' │  'SCARCE'  │  'WEAK'   │      472      │    235    │
│   49    │ 'X1-YH15-C39' │    'SHIP_PLATING'    │     100     │ 'IMPORT' │ 'MODERATE' │ 'GROWING' │     57200     │   27999   │
│   50    │ 'X1-YH15-C39' │     'SHIP_PARTS'     │     100     │ 'IMPORT' │ 'MODERATE' │ 'GROWING' │     62324     │   29627   │
│   51    │ 'X1-YH15-C39' │    'ELECTRONICS'     │     10      │ 'IMPORT' │  'SCARCE'  │ 'GROWING' │     5718      │   2859    │
│   52    │ 'X1-YH15-A2'  │     'SHIP_PARTS'     │     100     │ 'IMPORT' │ 'MODERATE' │ 'GROWING' │     62596     │   29795   │
│   53    │ 'X1-YH15-A2'  │    'SHIP_PLATING'    │     100     │ 'IMPORT' │ 'MODERATE' │ 'GROWING' │     59652     │   28607   │
│   54    │ 'X1-YH15-A2'  │    'ELECTRONICS'     │     100     │ 'IMPORT' │  'SCARCE'  │  'WEAK'   │     5090      │   2523    │
│   55    │ 'X1-YH15-A3'  │       'COPPER'       │     100     │ 'IMPORT' │  'SCARCE'  │  'WEAK'   │      664      │    331    │
│   56    │ 'X1-YH15-A3'  │    'SHIP_PLATING'    │     100     │ 'IMPORT' │ 'MODERATE' │  'WEAK'   │     55818     │   27449   │
│   57    │ 'X1-YH15-A3'  │  'SILICON_CRYSTALS'  │     100     │ 'IMPORT' │  'SCARCE'  │  'WEAK'   │      90       │    45     │
│   58    │ 'X1-YH15-A3'  │     'SHIP_PARTS'     │    1000     │ 'IMPORT' │ 'MODERATE' │  'WEAK'   │     60650     │   29891   │
│   59    │ 'X1-YH15-A3'  │    'ELECTRONICS'     │     10      │ 'IMPORT' │  'SCARCE'  │ 'GROWING' │     5060      │   2530    │
│   60    │ 'X1-YH15-H52' │        'GOLD'        │     100     │ 'IMPORT' │  'SCARCE'  │  'WEAK'   │      788      │    392    │
│   61    │ 'X1-YH15-H52' │       'SILVER'       │     100     │ 'IMPORT' │  'SCARCE'  │  'WEAK'   │      716      │    356    │
│   62    │ 'X1-YH15-H52' │      'DIAMONDS'      │     100     │ 'IMPORT' │  'SCARCE'  │  'WEAK'   │      218      │    109    │
│   63    │ 'X1-YH15-H52' │  'PRECIOUS_STONES'   │     100     │ 'IMPORT' │  'SCARCE'  │  'WEAK'   │      160      │    80     │
│   64    │ 'X1-YH15-F47' │        'IRON'        │     100     │ 'IMPORT' │  'SCARCE'  │  'WEAK'   │      410      │    204    │
│   65    │ 'X1-YH15-F47' │      'PLASTICS'      │     100     │ 'IMPORT' │  'SCARCE'  │  'WEAK'   │      308      │    153    │
│   66    │ 'X1-YH15-F47' │  'SILICON_CRYSTALS'  │     100     │ 'IMPORT' │  'SCARCE'  │  'WEAK'   │      76       │    38     │
│   67    │ 'X1-YH15-F47' │       'COPPER'       │     100     │ 'IMPORT' │  'SCARCE'  │  'WEAK'   │      664      │    331    │
│   68    │ 'X1-YH15-F47' │    'QUARTZ_SAND'     │     100     │ 'IMPORT' │  'SCARCE'  │  'WEAK'   │      44       │    22     │
│   69    │ 'X1-YH15-H50' │    'SHIP_PLATING'    │     100     │ 'IMPORT' │ 'MODERATE' │ 'GROWING' │     59602     │   28877   │
│   70    │ 'X1-YH15-H50' │     'SHIP_PARTS'     │     100     │ 'IMPORT' │ 'MODERATE' │  'WEAK'   │     60560     │   29836   │
│   71    │ 'X1-YH15-H50' │    'ELECTRONICS'     │     100     │ 'IMPORT' │  'SCARCE'  │  'WEAK'   │     5734      │   2818    │
└─────────┴───────────────┴──────────────────────┴─────────────┴──────────┴────────────┴───────────┴───────────────┴───────────┘
exchanges
┌─────────┬────────────────┬────────────────────┬─────────────┬────────────┬────────────┬───────────────┬───────────┐
│ (index) │     market     │       symbol       │ tradeVolume │    type    │   supply   │ purchasePrice │ sellPrice │
├─────────┼────────────────┼────────────────────┼─────────────┼────────────┼────────────┼───────────────┼───────────┤
│    0    │ 'X1-YH15-AA4Z' │       'FUEL'       │     100     │ 'EXCHANGE' │ 'MODERATE' │      222      │    218    │
│    1    │  'X1-YH15-B6'  │    'ICE_WATER'     │     100     │ 'EXCHANGE' │   'HIGH'   │      17       │    13     │
│    2    │  'X1-YH15-B6'  │   'AMMONIA_ICE'    │     100     │ 'EXCHANGE' │ 'MODERATE' │      42       │    38     │
│    3    │  'X1-YH15-B6'  │   'QUARTZ_SAND'    │     100     │ 'EXCHANGE' │   'HIGH'   │      22       │    18     │
│    4    │  'X1-YH15-B6'  │ 'SILICON_CRYSTALS' │     100     │ 'EXCHANGE' │ 'MODERATE' │      37       │    33     │
│    5    │  'X1-YH15-B6'  │     'IRON_ORE'     │     100     │ 'EXCHANGE' │ 'MODERATE' │      52       │    48     │
│    6    │  'X1-YH15-B6'  │    'COPPER_ORE'    │     100     │ 'EXCHANGE' │ 'MODERATE' │      57       │    53     │
│    7    │  'X1-YH15-B6'  │   'ALUMINUM_ORE'   │     100     │ 'EXCHANGE' │ 'MODERATE' │      62       │    58     │
│    8    │  'X1-YH15-B6'  │   'URANITE_ORE'    │     100     │ 'EXCHANGE' │ 'LIMITED'  │      351      │    338    │
│    9    │  'X1-YH15-B6'  │   'MERITIUM_ORE'   │     100     │ 'EXCHANGE' │ 'MODERATE' │     1212      │   1183    │
│   10    │  'X1-YH15-B6'  │ 'PRECIOUS_STONES'  │     100     │ 'EXCHANGE' │ 'MODERATE' │      72       │    68     │
│   11    │  'X1-YH15-B6'  │     'DIAMONDS'     │     100     │ 'EXCHANGE' │ 'MODERATE' │      87       │    83     │
│   12    │  'X1-YH15-B6'  │       'FUEL'       │     100     │ 'EXCHANGE' │ 'MODERATE' │      222      │    218    │
│   13    │  'X1-YH15-A1'  │       'FUEL'       │     100     │ 'EXCHANGE' │  'SCARCE'  │      230      │    220    │
│   14    │  'X1-YH15-B5'  │       'FUEL'       │     100     │ 'EXCHANGE' │ 'MODERATE' │      222      │    217    │
│   15    │ 'X1-YH15-I53'  │    'ANTIMATTER'    │     10      │ 'EXCHANGE' │ 'MODERATE' │    141382     │  137542   │
│   16    │ 'X1-YH15-I53'  │       'FUEL'       │     100     │ 'EXCHANGE' │ 'MODERATE' │      222      │    217    │
│   17    │ 'X1-YH15-H49'  │       'FUEL'       │     100     │ 'EXCHANGE' │ 'MODERATE' │      222      │    218    │
│   18    │ 'X1-YH15-K78'  │       'FUEL'       │     100     │ 'EXCHANGE' │ 'MODERATE' │      222      │    218    │
│   19    │ 'X1-YH15-C40'  │       'FUEL'       │     100     │ 'EXCHANGE' │   'HIGH'   │      222      │    216    │
│   20    │ 'X1-YH15-D41'  │       'FUEL'       │     100     │ 'EXCHANGE' │  'SCARCE'  │      248      │    231    │
│   21    │ 'X1-YH15-F46'  │       'FUEL'       │     100     │ 'EXCHANGE' │ 'MODERATE' │      222      │    218    │
│   22    │ 'X1-YH15-E43'  │       'FUEL'       │     100     │ 'EXCHANGE' │ 'MODERATE' │      222      │    218    │
│   23    │ 'X1-YH15-E44'  │       'FUEL'       │     100     │ 'EXCHANGE' │ 'MODERATE' │      222      │    218    │
│   24    │ 'X1-YH15-H51'  │    'ICE_WATER'     │     100     │ 'EXCHANGE' │   'HIGH'   │      17       │    13     │
│   25    │ 'X1-YH15-H51'  │   'AMMONIA_ICE'    │     100     │ 'EXCHANGE' │ 'MODERATE' │      42       │    38     │
│   26    │ 'X1-YH15-H51'  │   'QUARTZ_SAND'    │     100     │ 'EXCHANGE' │ 'ABUNDANT' │      21       │    16     │
│   27    │ 'X1-YH15-H51'  │ 'SILICON_CRYSTALS' │     100     │ 'EXCHANGE' │ 'ABUNDANT' │      34       │    28     │
│   28    │ 'X1-YH15-H51'  │       'FUEL'       │     100     │ 'EXCHANGE' │ 'MODERATE' │      222      │    218    │
│   29    │ 'X1-YH15-D42'  │       'FUEL'       │     100     │ 'EXCHANGE' │ 'LIMITED'  │      226      │    218    │
│   30    │ 'X1-YH15-C39'  │   'HYDROCARBON'    │     100     │ 'EXCHANGE' │ 'MODERATE' │      47       │    43     │
│   31    │ 'X1-YH15-C39'  │ 'LIQUID_HYDROGEN'  │     100     │ 'EXCHANGE' │ 'MODERATE' │      27       │    23     │
│   32    │ 'X1-YH15-C39'  │ 'LIQUID_NITROGEN'  │     100     │ 'EXCHANGE' │ 'LIMITED'  │      32       │    28     │
│   33    │ 'X1-YH15-C39'  │       'FUEL'       │     100     │ 'EXCHANGE' │ 'LIMITED'  │      224      │    218    │
│   34    │  'X1-YH15-A2'  │       'FUEL'       │     100     │ 'EXCHANGE' │ 'MODERATE' │      222      │    218    │
│   35    │  'X1-YH15-A3'  │       'FUEL'       │     100     │ 'EXCHANGE' │ 'MODERATE' │      222      │    218    │
│   36    │ 'X1-YH15-H52'  │       'FUEL'       │     100     │ 'EXCHANGE' │ 'MODERATE' │      222      │    217    │
│   37    │ 'X1-YH15-F47'  │       'FUEL'       │     100     │ 'EXCHANGE' │ 'MODERATE' │      222      │    218    │
│   38    │ 'X1-YH15-H50'  │       'FUEL'       │     100     │ 'EXCHANGE' │ 'MODERATE' │      222      │    218    │
└─────────┴────────────────┴────────────────────┴─────────────┴────────────┴────────────┴───────────────┴───────────┘
